
> debates@1.0.0 dev
> nuxt


 WARN  [unplugin-vue-i18n]  vue-i18n@8 is not supported, since sinece Vue 2 was EOL on 2023.


 WARN  Module @nuxtjs/i18n is disabled due to incompatibility issues:
 - [nuxt] Nuxt version >=3.0.0-rc.11 is required but currently using 2.18.1

ℹ Listening on: http://172.16.143.6:4000/
ℹ Preparing project for development
ℹ Initial build may take a while
ℹ Discovered Components: .nuxt/components/readme.md
✔ Builder initialized
✔ Nuxt files generated
[webpackbar] ℹ Compiling Server
[webpackbar] ℹ Compiling Client
DEPRECATION WARNING: The legacy JS API is deprecated and will be removed in Dart Sass 2.0.0.

More info: https://sass-lang.com/d/legacy-js-api

DEPRECATION WARNING: The legacy JS API is deprecated and will be removed in Dart Sass 2.0.0.

More info: https://sass-lang.com/d/legacy-js-api

DEPRECATION WARNING: darken() is deprecated. Suggestions:

color.scale($color, $lightness: -65.9482758621%)
color.adjust($color, $lightness: -15%)

More info: https://sass-lang.com/d/color-functions

    ╷
178 │ $link-hover-color:                        darken($link-color, 15%) !default;
    │                                           ^^^^^^^^^^^^^^^^^^^^^^^^
    ╵
    node_modules/bootstrap/scss/_variables.scss 178:43  @import
    node_modules/bootstrap/scss/bootstrap.scss 9:9      @import
    assets/custom.scss 40:9                             root stylesheet

DEPRECATION WARNING: lighten() is deprecated. Suggestions:

color.scale($color, $lightness: 9.7081218274%)
color.adjust($color, $lightness: 7.5%)

More info: https://sass-lang.com/d/color-functions

    ╷
374 │ $table-dark-border-color:     lighten($table-dark-bg, 7.5%) !default;
    │                               ^^^^^^^^^^^^^^^^^^^^^^^^^^^^^
    ╵
    node_modules/bootstrap/scss/_variables.scss 374:31  @import
    node_modules/bootstrap/scss/bootstrap.scss 9:9      @import
    assets/custom.scss 40:9                             root stylesheet

DEPRECATION WARNING: lighten() is deprecated. Suggestions:

color.scale($color, $lightness: 32.3604060914%)
color.adjust($color, $lightness: 25%)

More info: https://sass-lang.com/d/color-functions

    ╷
487 │ $input-focus-border-color:              lighten($component-active-bg, 25%) !default;
    │                                         ^^^^^^^^^^^^^^^^^^^^^^^^^^^^^^^^^^
    ╵
    node_modules/bootstrap/scss/_variables.scss 487:41  @import
    node_modules/bootstrap/scss/bootstrap.scss 9:9      @import
    assets/custom.scss 40:9                             root stylesheet

DEPRECATION WARNING: lighten() is deprecated. Suggestions:

color.scale($color, $lightness: 45.3045685279%)
color.adjust($color, $lightness: 35%)

More info: https://sass-lang.com/d/color-functions

    ╷
552 │ $custom-control-indicator-active-bg:            lighten($component-active-bg, 35%) !default;
    │                                                 ^^^^^^^^^^^^^^^^^^^^^^^^^^^^^^^^^^
    ╵
    node_modules/bootstrap/scss/_variables.scss 552:49  @import
    node_modules/bootstrap/scss/bootstrap.scss 9:9      @import
    assets/custom.scss 40:9                             root stylesheet

DEPRECATION WARNING: lighten() is deprecated. Suggestions:

color.scale($color, $lightness: 45.3045685279%)
color.adjust($color, $lightness: 35%)

More info: https://sass-lang.com/d/color-functions

    ╷
627 │ $custom-range-thumb-active-bg:               lighten($component-active-bg, 35%) !default;
    │                                              ^^^^^^^^^^^^^^^^^^^^^^^^^^^^^^^^^^
    ╵
    node_modules/bootstrap/scss/_variables.scss 627:46  @import
    node_modules/bootstrap/scss/bootstrap.scss 9:9      @import
    assets/custom.scss 40:9                             root stylesheet

DEPRECATION WARNING: Passing percentage units to the global abs() function is deprecated.
In the future, this will emit a CSS abs() function to be resolved by the browser.
To preserve current behavior: math.abs(100%)
To emit a CSS abs() now: abs(#{100%})
More info: https://sass-lang.com/d/abs-percent

   ╷
54 │   $dividend: abs($dividend);
   │              ^^^^^^^^^^^^^^
   ╵
    node_modules/bootstrap/scss/vendor/_rfs.scss 54:14             divide()
    node_modules/bootstrap/scss/mixins/_grid.scss 66:15            row-cols()
    node_modules/bootstrap/scss/mixins/_grid-framework.scss 43:13  @content
    node_modules/bootstrap/scss/mixins/_breakpoints.scss 65:5      media-breakpoint-up()
    node_modules/bootstrap/scss/mixins/_grid-framework.scss 32:5   make-grid-columns()
    node_modules/bootstrap/scss/_grid.scss 72:3                    @import
    node_modules/bootstrap/scss/bootstrap.scss 16:9                @import
    assets/custom.scss 40:9                                        root stylesheet

DEPRECATION WARNING: Sass's behavior for declarations that appear after nested
rules will be changing to match the behavior specified by CSS in an upcoming
version. To keep the existing behavior, move the declaration above the nested
rule. To opt into the new behavior, wrap the declaration in `& {}`.

More info: https://sass-lang.com/d/mixed-decls

   ┌──> node_modules/bootstrap/scss/_custom-forms.scss
415│       appearance: none;
   │       ^^^^^^^^^^^^^^^^ declaration
   ╵
   ┌──> node_modules/bootstrap/scss/mixins/_transition.scss
21 │ ┌       @media (prefers-reduced-motion: reduce) {
22 │ │         transition: none;
23 │ │       }
   │ └─── nested rule
   ╵
    node_modules/bootstrap/scss/_custom-forms.scss 415:5  @import
    node_modules/bootstrap/scss/bootstrap.scss 24:9       @import
    assets/custom.scss 40:9                               root stylesheet

DEPRECATION WARNING: Sass's behavior for declarations that appear after nested
rules will be changing to match the behavior specified by CSS in an upcoming
version. To keep the existing behavior, move the declaration above the nested
rule. To opt into the new behavior, wrap the declaration in `& {}`.

More info: https://sass-lang.com/d/mixed-decls

   ┌──> node_modules/bootstrap/scss/_custom-forms.scss
441│       appearance: none;
   │       ^^^^^^^^^^^^^^^^ declaration
   ╵
   ┌──> node_modules/bootstrap/scss/mixins/_transition.scss
21 │ ┌       @media (prefers-reduced-motion: reduce) {
22 │ │         transition: none;
23 │ │       }
   │ └─── nested rule
   ╵
    node_modules/bootstrap/scss/_custom-forms.scss 441:5  @import
    node_modules/bootstrap/scss/bootstrap.scss 24:9       @import
    assets/custom.scss 40:9                               root stylesheet

DEPRECATION WARNING: Sass's behavior for declarations that appear after nested
rules will be changing to match the behavior specified by CSS in an upcoming
version. To keep the existing behavior, move the declaration above the nested
rule. To opt into the new behavior, wrap the declaration in `& {}`.

More info: https://sass-lang.com/d/mixed-decls

   ┌──> node_modules/bootstrap/scss/_custom-forms.scss
470│       appearance: none;
   │       ^^^^^^^^^^^^^^^^ declaration
   ╵
   ┌──> node_modules/bootstrap/scss/mixins/_transition.scss
21 │ ┌       @media (prefers-reduced-motion: reduce) {
22 │ │         transition: none;
23 │ │       }
   │ └─── nested rule
   ╵
    node_modules/bootstrap/scss/_custom-forms.scss 470:5  @import
    node_modules/bootstrap/scss/bootstrap.scss 24:9       @import
    assets/custom.scss 40:9                               root stylesheet

DEPRECATION WARNING: Sass's behavior for declarations that appear after nested
rules will be changing to match the behavior specified by CSS in an upcoming
version. To keep the existing behavior, move the declaration above the nested
rule. To opt into the new behavior, wrap the declaration in `& {}`.

More info: https://sass-lang.com/d/mixed-decls

   ┌──> node_modules/bootstrap/scss/_modal.scss
46 │       transform: $modal-fade-transform;
   │       ^^^^^^^^^^^^^^^^^^^^^^^^^^^^^^^^ declaration
   ╵
   ┌──> node_modules/bootstrap/scss/mixins/_transition.scss
21 │ ┌       @media (prefers-reduced-motion: reduce) {
22 │ │         transition: none;
23 │ │       }
   │ └─── nested rule
   ╵
    node_modules/bootstrap/scss/_modal.scss 46:5     @import
    node_modules/bootstrap/scss/bootstrap.scss 38:9  @import
    assets/custom.scss 40:9                          root stylesheet

WARNING: 89 repetitive deprecation warnings omitted.

DEPRECATION WARNING: darken() is deprecated. Suggestions:

color.scale($color, $lightness: -65.9482758621%)
color.adjust($color, $lightness: -15%)

More info: https://sass-lang.com/d/color-functions

    ╷
178 │ $link-hover-color:                        darken($link-color, 15%) !default;
    │                                           ^^^^^^^^^^^^^^^^^^^^^^^^
    ╵
    node_modules/bootstrap/scss/_variables.scss 178:43  @import
    node_modules/bootstrap/scss/bootstrap.scss 9:9      @import
    assets/custom.scss 40:9                             root stylesheet

DEPRECATION WARNING: lighten() is deprecated. Suggestions:

color.scale($color, $lightness: 9.7081218274%)
color.adjust($color, $lightness: 7.5%)

More info: https://sass-lang.com/d/color-functions

    ╷
374 │ $table-dark-border-color:     lighten($table-dark-bg, 7.5%) !default;
    │                               ^^^^^^^^^^^^^^^^^^^^^^^^^^^^^
    ╵
    node_modules/bootstrap/scss/_variables.scss 374:31  @import
    node_modules/bootstrap/scss/bootstrap.scss 9:9      @import
    assets/custom.scss 40:9                             root stylesheet

DEPRECATION WARNING: lighten() is deprecated. Suggestions:

color.scale($color, $lightness: 32.3604060914%)
color.adjust($color, $lightness: 25%)

More info: https://sass-lang.com/d/color-functions

    ╷
487 │ $input-focus-border-color:              lighten($component-active-bg, 25%) !default;
    │                                         ^^^^^^^^^^^^^^^^^^^^^^^^^^^^^^^^^^
    ╵
    node_modules/bootstrap/scss/_variables.scss 487:41  @import
    node_modules/bootstrap/scss/bootstrap.scss 9:9      @import
    assets/custom.scss 40:9                             root stylesheet

DEPRECATION WARNING: lighten() is deprecated. Suggestions:

color.scale($color, $lightness: 45.3045685279%)
color.adjust($color, $lightness: 35%)

More info: https://sass-lang.com/d/color-functions

    ╷
552 │ $custom-control-indicator-active-bg:            lighten($component-active-bg, 35%) !default;
    │                                                 ^^^^^^^^^^^^^^^^^^^^^^^^^^^^^^^^^^
    ╵
    node_modules/bootstrap/scss/_variables.scss 552:49  @import
    node_modules/bootstrap/scss/bootstrap.scss 9:9      @import
    assets/custom.scss 40:9                             root stylesheet

DEPRECATION WARNING: lighten() is deprecated. Suggestions:

color.scale($color, $lightness: 45.3045685279%)
color.adjust($color, $lightness: 35%)

More info: https://sass-lang.com/d/color-functions

    ╷
627 │ $custom-range-thumb-active-bg:               lighten($component-active-bg, 35%) !default;
    │                                              ^^^^^^^^^^^^^^^^^^^^^^^^^^^^^^^^^^
    ╵
    node_modules/bootstrap/scss/_variables.scss 627:46  @import
    node_modules/bootstrap/scss/bootstrap.scss 9:9      @import
    assets/custom.scss 40:9                             root stylesheet

DEPRECATION WARNING: Passing percentage units to the global abs() function is deprecated.
In the future, this will emit a CSS abs() function to be resolved by the browser.
To preserve current behavior: math.abs(100%)
To emit a CSS abs() now: abs(#{100%})
More info: https://sass-lang.com/d/abs-percent

   ╷
54 │   $dividend: abs($dividend);
   │              ^^^^^^^^^^^^^^
   ╵
    node_modules/bootstrap/scss/vendor/_rfs.scss 54:14             divide()
    node_modules/bootstrap/scss/mixins/_grid.scss 66:15            row-cols()
    node_modules/bootstrap/scss/mixins/_grid-framework.scss 43:13  @content
    node_modules/bootstrap/scss/mixins/_breakpoints.scss 65:5      media-breakpoint-up()
    node_modules/bootstrap/scss/mixins/_grid-framework.scss 32:5   make-grid-columns()
    node_modules/bootstrap/scss/_grid.scss 72:3                    @import
    node_modules/bootstrap/scss/bootstrap.scss 16:9                @import
    assets/custom.scss 40:9                                        root stylesheet

DEPRECATION WARNING: Sass's behavior for declarations that appear after nested
rules will be changing to match the behavior specified by CSS in an upcoming
version. To keep the existing behavior, move the declaration above the nested
rule. To opt into the new behavior, wrap the declaration in `& {}`.

More info: https://sass-lang.com/d/mixed-decls

   ┌──> node_modules/bootstrap/scss/_custom-forms.scss
415│       appearance: none;
   │       ^^^^^^^^^^^^^^^^ declaration
   ╵
   ┌──> node_modules/bootstrap/scss/mixins/_transition.scss
21 │ ┌       @media (prefers-reduced-motion: reduce) {
22 │ │         transition: none;
23 │ │       }
   │ └─── nested rule
   ╵
    node_modules/bootstrap/scss/_custom-forms.scss 415:5  @import
    node_modules/bootstrap/scss/bootstrap.scss 24:9       @import
    assets/custom.scss 40:9                               root stylesheet

DEPRECATION WARNING: Sass's behavior for declarations that appear after nested
rules will be changing to match the behavior specified by CSS in an upcoming
version. To keep the existing behavior, move the declaration above the nested
rule. To opt into the new behavior, wrap the declaration in `& {}`.

More info: https://sass-lang.com/d/mixed-decls

   ┌──> node_modules/bootstrap/scss/_custom-forms.scss
441│       appearance: none;
   │       ^^^^^^^^^^^^^^^^ declaration
   ╵
   ┌──> node_modules/bootstrap/scss/mixins/_transition.scss
21 │ ┌       @media (prefers-reduced-motion: reduce) {
22 │ │         transition: none;
23 │ │       }
   │ └─── nested rule
   ╵
    node_modules/bootstrap/scss/_custom-forms.scss 441:5  @import
    node_modules/bootstrap/scss/bootstrap.scss 24:9       @import
    assets/custom.scss 40:9                               root stylesheet

DEPRECATION WARNING: Sass's behavior for declarations that appear after nested
rules will be changing to match the behavior specified by CSS in an upcoming
version. To keep the existing behavior, move the declaration above the nested
rule. To opt into the new behavior, wrap the declaration in `& {}`.

More info: https://sass-lang.com/d/mixed-decls

   ┌──> node_modules/bootstrap/scss/_custom-forms.scss
470│       appearance: none;
   │       ^^^^^^^^^^^^^^^^ declaration
   ╵
   ┌──> node_modules/bootstrap/scss/mixins/_transition.scss
21 │ ┌       @media (prefers-reduced-motion: reduce) {
22 │ │         transition: none;
23 │ │       }
   │ └─── nested rule
   ╵
    node_modules/bootstrap/scss/_custom-forms.scss 470:5  @import
    node_modules/bootstrap/scss/bootstrap.scss 24:9       @import
    assets/custom.scss 40:9                               root stylesheet

DEPRECATION WARNING: Sass's behavior for declarations that appear after nested
rules will be changing to match the behavior specified by CSS in an upcoming
version. To keep the existing behavior, move the declaration above the nested
rule. To opt into the new behavior, wrap the declaration in `& {}`.

More info: https://sass-lang.com/d/mixed-decls

   ┌──> node_modules/bootstrap/scss/_modal.scss
46 │       transform: $modal-fade-transform;
   │       ^^^^^^^^^^^^^^^^^^^^^^^^^^^^^^^^ declaration
   ╵
   ┌──> node_modules/bootstrap/scss/mixins/_transition.scss
21 │ ┌       @media (prefers-reduced-motion: reduce) {
22 │ │         transition: none;
23 │ │       }
   │ └─── nested rule
   ╵
    node_modules/bootstrap/scss/_modal.scss 46:5     @import
    node_modules/bootstrap/scss/bootstrap.scss 38:9  @import
    assets/custom.scss 40:9                          root stylesheet

WARNING: 89 repetitive deprecation warnings omitted.

[webpackbar] ✔ Server: Compiled successfully in 15.64s
[webpackbar] ✔ Client: Compiled successfully in 15.82s
ℹ Waiting for file changes
ℹ Memory usage: 325 MB (RSS: 579 MB)
ℹ Listening on: http://172.16.143.6:4000/
↻ Updated layouts/default.vue
[webpackbar] ℹ Compiling Server
[webpackbar] ℹ Compiling Client
[webpackbar] ✔ Server: Compiled successfully in 2.30s
[webpackbar] ✔ Client: Compiled successfully in 2.27s

[friendly-errors]  WARN  Compiled with 1 warnings


[friendly-errors]  WARN  ESLintError

[friendly-errors] 
/home/ecisneros/debates/layouts/default.vue
    5:9   warning  Require self-closing on Vue.js custom components (<b-navbar-toggle>)    vue/html-self-closing
   61:14  warning  Expected a linebreak before this attribute                              vue/first-attribute-linebreak
   62:1   warning  Expected indentation of 13 spaces but found 12 spaces                   vue/html-indent
   62:37  warning  Expected 1 line break before closing bracket, but no line breaks found  vue/html-closing-bracket-newline
  103:7   warning  Unexpected console statement                                            no-console
  105:7   warning  Unexpected console statement                                            no-console

✖ 6 problems (0 errors, 6 warnings)
  0 errors and 4 warnings potentially fixable with the --fix option.

[friendly-errors] 
↻ Updated layouts/default.vue
[webpackbar] ℹ Compiling Server
[webpackbar] ℹ Compiling Client
[webpackbar] ✔ Server: Compiled successfully in 908.34ms
[webpackbar] ✔ Client: Compiled successfully in 958.37ms

[friendly-errors]  WARN  Compiled with 1 warnings


[friendly-errors]  WARN  ESLintError

[friendly-errors] 
/home/ecisneros/debates/layouts/default.vue
    5:9   warning  Require self-closing on Vue.js custom components (<b-navbar-toggle>)    vue/html-self-closing
   61:14  warning  Expected a linebreak before this attribute                              vue/first-attribute-linebreak
   62:1   warning  Expected indentation of 13 spaces but found 12 spaces                   vue/html-indent
   62:37  warning  Expected 1 line break before closing bracket, but no line breaks found  vue/html-closing-bracket-newline
  103:7   warning  Unexpected console statement                                            no-console
  105:7   warning  Unexpected console statement                                            no-console

✖ 6 problems (0 errors, 6 warnings)
  0 errors and 4 warnings potentially fixable with the --fix option.

[friendly-errors] 
↻ Updated layouts/default.vue
[webpackbar] ℹ Compiling Server
[webpackbar] ℹ Compiling Client
[webpackbar] ✔ Server: Compiled successfully in 817.18ms
[webpackbar] ✔ Client: Compiled successfully in 874.36ms

[friendly-errors]  WARN  Compiled with 1 warnings


[friendly-errors]  WARN  ESLintError

[friendly-errors] 
/home/ecisneros/debates/layouts/default.vue
    5:9   warning  Require self-closing on Vue.js custom components (<b-navbar-toggle>)    vue/html-self-closing
   61:14  warning  Expected a linebreak before this attribute                              vue/first-attribute-linebreak
   62:1   warning  Expected indentation of 13 spaces but found 12 spaces                   vue/html-indent
   62:37  warning  Expected 1 line break before closing bracket, but no line breaks found  vue/html-closing-bracket-newline
  103:7   warning  Unexpected console statement                                            no-console
  105:7   warning  Unexpected console statement                                            no-console

✖ 6 problems (0 errors, 6 warnings)
  0 errors and 4 warnings potentially fixable with the --fix option.

[friendly-errors] 
↻ Updated layouts/default.vue
[webpackbar] ℹ Compiling Server
[webpackbar] ℹ Compiling Client
[webpackbar] ✔ Server: Compiled successfully in 855.67ms
[webpackbar] ✔ Client: Compiled successfully in 901.09ms

[friendly-errors]  WARN  Compiled with 1 warnings


[friendly-errors]  WARN  ESLintError

[friendly-errors] 
/home/ecisneros/debates/layouts/default.vue
    5:9   warning  Require self-closing on Vue.js custom components (<b-navbar-toggle>)    vue/html-self-closing
   61:14  warning  Expected a linebreak before this attribute                              vue/first-attribute-linebreak
   62:1   warning  Expected indentation of 13 spaces but found 12 spaces                   vue/html-indent
   62:37  warning  Expected 1 line break before closing bracket, but no line breaks found  vue/html-closing-bracket-newline
  103:7   warning  Unexpected console statement                                            no-console
  105:7   warning  Unexpected console statement                                            no-console

✖ 6 problems (0 errors, 6 warnings)
  0 errors and 4 warnings potentially fixable with the --fix option.

[friendly-errors] 
↻ Updated .nuxt/axios.js
[webpackbar] ℹ Compiling Server
[webpackbar] ℹ Compiling Client
[webpackbar] ✔ Server: Compiled successfully in 2.15s
[webpackbar] ✔ Client: Compiled successfully in 2.17s

[friendly-errors]  WARN  Compiled with 1 warnings


[friendly-errors]  WARN  ESLintError

[friendly-errors] 
/home/ecisneros/debates/layouts/default.vue
    5:9   warning  Require self-closing on Vue.js custom components (<b-navbar-toggle>)    vue/html-self-closing
   61:14  warning  Expected a linebreak before this attribute                              vue/first-attribute-linebreak
   62:1   warning  Expected indentation of 13 spaces but found 12 spaces                   vue/html-indent
   62:37  warning  Expected 1 line break before closing bracket, but no line breaks found  vue/html-closing-bracket-newline
  103:7   warning  Unexpected console statement                                            no-console
  105:7   warning  Unexpected console statement                                            no-console

✖ 6 problems (0 errors, 6 warnings)
  0 errors and 4 warnings potentially fixable with the --fix option.

[friendly-errors] 
↻ Updated nuxt.config.js

 WARN  Module @nuxtjs/i18n is disabled due to incompatibility issues:
 - [nuxt] Nuxt version >=3.0.0-rc.11 is required but currently using 2.18.1

ℹ Listening on: http://172.16.143.6:4000/
ℹ Preparing project for development
ℹ Initial build may take a while
ℹ Discovered Components: .nuxt/components/readme.md
✔ Builder initialized
✔ Nuxt files generated
[webpackbar] ℹ Compiling Server
[webpackbar] ℹ Compiling Client
DEPRECATION WARNING: The legacy JS API is deprecated and will be removed in Dart Sass 2.0.0.

More info: https://sass-lang.com/d/legacy-js-api

DEPRECATION WARNING: The legacy JS API is deprecated and will be removed in Dart Sass 2.0.0.

More info: https://sass-lang.com/d/legacy-js-api

DEPRECATION WARNING: darken() is deprecated. Suggestions:

color.scale($color, $lightness: -65.9482758621%)
color.adjust($color, $lightness: -15%)

More info: https://sass-lang.com/d/color-functions

    ╷
178 │ $link-hover-color:                        darken($link-color, 15%) !default;
    │                                           ^^^^^^^^^^^^^^^^^^^^^^^^
    ╵
    node_modules/bootstrap/scss/_variables.scss 178:43  @import
    node_modules/bootstrap/scss/bootstrap.scss 9:9      @import
    assets/custom.scss 40:9                             root stylesheet

DEPRECATION WARNING: lighten() is deprecated. Suggestions:

color.scale($color, $lightness: 9.7081218274%)
color.adjust($color, $lightness: 7.5%)

More info: https://sass-lang.com/d/color-functions

    ╷
374 │ $table-dark-border-color:     lighten($table-dark-bg, 7.5%) !default;
    │                               ^^^^^^^^^^^^^^^^^^^^^^^^^^^^^
    ╵
    node_modules/bootstrap/scss/_variables.scss 374:31  @import
    node_modules/bootstrap/scss/bootstrap.scss 9:9      @import
    assets/custom.scss 40:9                             root stylesheet

DEPRECATION WARNING: lighten() is deprecated. Suggestions:

color.scale($color, $lightness: 32.3604060914%)
color.adjust($color, $lightness: 25%)

More info: https://sass-lang.com/d/color-functions

    ╷
487 │ $input-focus-border-color:              lighten($component-active-bg, 25%) !default;
    │                                         ^^^^^^^^^^^^^^^^^^^^^^^^^^^^^^^^^^
    ╵
    node_modules/bootstrap/scss/_variables.scss 487:41  @import
    node_modules/bootstrap/scss/bootstrap.scss 9:9      @import
    assets/custom.scss 40:9                             root stylesheet

DEPRECATION WARNING: lighten() is deprecated. Suggestions:

color.scale($color, $lightness: 45.3045685279%)
color.adjust($color, $lightness: 35%)

More info: https://sass-lang.com/d/color-functions

    ╷
552 │ $custom-control-indicator-active-bg:            lighten($component-active-bg, 35%) !default;
    │                                                 ^^^^^^^^^^^^^^^^^^^^^^^^^^^^^^^^^^
    ╵
    node_modules/bootstrap/scss/_variables.scss 552:49  @import
    node_modules/bootstrap/scss/bootstrap.scss 9:9      @import
    assets/custom.scss 40:9                             root stylesheet

DEPRECATION WARNING: lighten() is deprecated. Suggestions:

color.scale($color, $lightness: 45.3045685279%)
color.adjust($color, $lightness: 35%)

More info: https://sass-lang.com/d/color-functions

    ╷
627 │ $custom-range-thumb-active-bg:               lighten($component-active-bg, 35%) !default;
    │                                              ^^^^^^^^^^^^^^^^^^^^^^^^^^^^^^^^^^
    ╵
    node_modules/bootstrap/scss/_variables.scss 627:46  @import
    node_modules/bootstrap/scss/bootstrap.scss 9:9      @import
    assets/custom.scss 40:9                             root stylesheet

DEPRECATION WARNING: Passing percentage units to the global abs() function is deprecated.
In the future, this will emit a CSS abs() function to be resolved by the browser.
To preserve current behavior: math.abs(100%)
To emit a CSS abs() now: abs(#{100%})
More info: https://sass-lang.com/d/abs-percent

   ╷
54 │   $dividend: abs($dividend);
   │              ^^^^^^^^^^^^^^
   ╵
    node_modules/bootstrap/scss/vendor/_rfs.scss 54:14             divide()
    node_modules/bootstrap/scss/mixins/_grid.scss 66:15            row-cols()
    node_modules/bootstrap/scss/mixins/_grid-framework.scss 43:13  @content
    node_modules/bootstrap/scss/mixins/_breakpoints.scss 65:5      media-breakpoint-up()
    node_modules/bootstrap/scss/mixins/_grid-framework.scss 32:5   make-grid-columns()
    node_modules/bootstrap/scss/_grid.scss 72:3                    @import
    node_modules/bootstrap/scss/bootstrap.scss 16:9                @import
    assets/custom.scss 40:9                                        root stylesheet

DEPRECATION WARNING: Sass's behavior for declarations that appear after nested
rules will be changing to match the behavior specified by CSS in an upcoming
version. To keep the existing behavior, move the declaration above the nested
rule. To opt into the new behavior, wrap the declaration in `& {}`.

More info: https://sass-lang.com/d/mixed-decls

   ┌──> node_modules/bootstrap/scss/_custom-forms.scss
415│       appearance: none;
   │       ^^^^^^^^^^^^^^^^ declaration
   ╵
   ┌──> node_modules/bootstrap/scss/mixins/_transition.scss
21 │ ┌       @media (prefers-reduced-motion: reduce) {
22 │ │         transition: none;
23 │ │       }
   │ └─── nested rule
   ╵
    node_modules/bootstrap/scss/_custom-forms.scss 415:5  @import
    node_modules/bootstrap/scss/bootstrap.scss 24:9       @import
    assets/custom.scss 40:9                               root stylesheet

DEPRECATION WARNING: Sass's behavior for declarations that appear after nested
rules will be changing to match the behavior specified by CSS in an upcoming
version. To keep the existing behavior, move the declaration above the nested
rule. To opt into the new behavior, wrap the declaration in `& {}`.

More info: https://sass-lang.com/d/mixed-decls

   ┌──> node_modules/bootstrap/scss/_custom-forms.scss
441│       appearance: none;
   │       ^^^^^^^^^^^^^^^^ declaration
   ╵
   ┌──> node_modules/bootstrap/scss/mixins/_transition.scss
21 │ ┌       @media (prefers-reduced-motion: reduce) {
22 │ │         transition: none;
23 │ │       }
   │ └─── nested rule
   ╵
    node_modules/bootstrap/scss/_custom-forms.scss 441:5  @import
    node_modules/bootstrap/scss/bootstrap.scss 24:9       @import
    assets/custom.scss 40:9                               root stylesheet

DEPRECATION WARNING: Sass's behavior for declarations that appear after nested
rules will be changing to match the behavior specified by CSS in an upcoming
version. To keep the existing behavior, move the declaration above the nested
rule. To opt into the new behavior, wrap the declaration in `& {}`.

More info: https://sass-lang.com/d/mixed-decls

   ┌──> node_modules/bootstrap/scss/_custom-forms.scss
470│       appearance: none;
   │       ^^^^^^^^^^^^^^^^ declaration
   ╵
   ┌──> node_modules/bootstrap/scss/mixins/_transition.scss
21 │ ┌       @media (prefers-reduced-motion: reduce) {
22 │ │         transition: none;
23 │ │       }
   │ └─── nested rule
   ╵
    node_modules/bootstrap/scss/_custom-forms.scss 470:5  @import
    node_modules/bootstrap/scss/bootstrap.scss 24:9       @import
    assets/custom.scss 40:9                               root stylesheet

DEPRECATION WARNING: Sass's behavior for declarations that appear after nested
rules will be changing to match the behavior specified by CSS in an upcoming
version. To keep the existing behavior, move the declaration above the nested
rule. To opt into the new behavior, wrap the declaration in `& {}`.

More info: https://sass-lang.com/d/mixed-decls

   ┌──> node_modules/bootstrap/scss/_modal.scss
46 │       transform: $modal-fade-transform;
   │       ^^^^^^^^^^^^^^^^^^^^^^^^^^^^^^^^ declaration
   ╵
   ┌──> node_modules/bootstrap/scss/mixins/_transition.scss
21 │ ┌       @media (prefers-reduced-motion: reduce) {
22 │ │         transition: none;
23 │ │       }
   │ └─── nested rule
   ╵
    node_modules/bootstrap/scss/_modal.scss 46:5     @import
    node_modules/bootstrap/scss/bootstrap.scss 38:9  @import
    assets/custom.scss 40:9                          root stylesheet

WARNING: 89 repetitive deprecation warnings omitted.

DEPRECATION WARNING: darken() is deprecated. Suggestions:

color.scale($color, $lightness: -65.9482758621%)
color.adjust($color, $lightness: -15%)

More info: https://sass-lang.com/d/color-functions

    ╷
178 │ $link-hover-color:                        darken($link-color, 15%) !default;
    │                                           ^^^^^^^^^^^^^^^^^^^^^^^^
    ╵
    node_modules/bootstrap/scss/_variables.scss 178:43  @import
    node_modules/bootstrap/scss/bootstrap.scss 9:9      @import
    assets/custom.scss 40:9                             root stylesheet

DEPRECATION WARNING: lighten() is deprecated. Suggestions:

color.scale($color, $lightness: 9.7081218274%)
color.adjust($color, $lightness: 7.5%)

More info: https://sass-lang.com/d/color-functions

    ╷
374 │ $table-dark-border-color:     lighten($table-dark-bg, 7.5%) !default;
    │                               ^^^^^^^^^^^^^^^^^^^^^^^^^^^^^
    ╵
    node_modules/bootstrap/scss/_variables.scss 374:31  @import
    node_modules/bootstrap/scss/bootstrap.scss 9:9      @import
    assets/custom.scss 40:9                             root stylesheet

DEPRECATION WARNING: lighten() is deprecated. Suggestions:

color.scale($color, $lightness: 32.3604060914%)
color.adjust($color, $lightness: 25%)

More info: https://sass-lang.com/d/color-functions

    ╷
487 │ $input-focus-border-color:              lighten($component-active-bg, 25%) !default;
    │                                         ^^^^^^^^^^^^^^^^^^^^^^^^^^^^^^^^^^
    ╵
    node_modules/bootstrap/scss/_variables.scss 487:41  @import
    node_modules/bootstrap/scss/bootstrap.scss 9:9      @import
    assets/custom.scss 40:9                             root stylesheet

DEPRECATION WARNING: lighten() is deprecated. Suggestions:

color.scale($color, $lightness: 45.3045685279%)
color.adjust($color, $lightness: 35%)

More info: https://sass-lang.com/d/color-functions

    ╷
552 │ $custom-control-indicator-active-bg:            lighten($component-active-bg, 35%) !default;
    │                                                 ^^^^^^^^^^^^^^^^^^^^^^^^^^^^^^^^^^
    ╵
    node_modules/bootstrap/scss/_variables.scss 552:49  @import
    node_modules/bootstrap/scss/bootstrap.scss 9:9      @import
    assets/custom.scss 40:9                             root stylesheet

DEPRECATION WARNING: lighten() is deprecated. Suggestions:

color.scale($color, $lightness: 45.3045685279%)
color.adjust($color, $lightness: 35%)

More info: https://sass-lang.com/d/color-functions

    ╷
627 │ $custom-range-thumb-active-bg:               lighten($component-active-bg, 35%) !default;
    │                                              ^^^^^^^^^^^^^^^^^^^^^^^^^^^^^^^^^^
    ╵
    node_modules/bootstrap/scss/_variables.scss 627:46  @import
    node_modules/bootstrap/scss/bootstrap.scss 9:9      @import
    assets/custom.scss 40:9                             root stylesheet

DEPRECATION WARNING: Passing percentage units to the global abs() function is deprecated.
In the future, this will emit a CSS abs() function to be resolved by the browser.
To preserve current behavior: math.abs(100%)
To emit a CSS abs() now: abs(#{100%})
More info: https://sass-lang.com/d/abs-percent

   ╷
54 │   $dividend: abs($dividend);
   │              ^^^^^^^^^^^^^^
   ╵
    node_modules/bootstrap/scss/vendor/_rfs.scss 54:14             divide()
    node_modules/bootstrap/scss/mixins/_grid.scss 66:15            row-cols()
    node_modules/bootstrap/scss/mixins/_grid-framework.scss 43:13  @content
    node_modules/bootstrap/scss/mixins/_breakpoints.scss 65:5      media-breakpoint-up()
    node_modules/bootstrap/scss/mixins/_grid-framework.scss 32:5   make-grid-columns()
    node_modules/bootstrap/scss/_grid.scss 72:3                    @import
    node_modules/bootstrap/scss/bootstrap.scss 16:9                @import
    assets/custom.scss 40:9                                        root stylesheet

DEPRECATION WARNING: Sass's behavior for declarations that appear after nested
rules will be changing to match the behavior specified by CSS in an upcoming
version. To keep the existing behavior, move the declaration above the nested
rule. To opt into the new behavior, wrap the declaration in `& {}`.

More info: https://sass-lang.com/d/mixed-decls

   ┌──> node_modules/bootstrap/scss/_custom-forms.scss
415│       appearance: none;
   │       ^^^^^^^^^^^^^^^^ declaration
   ╵
   ┌──> node_modules/bootstrap/scss/mixins/_transition.scss
21 │ ┌       @media (prefers-reduced-motion: reduce) {
22 │ │         transition: none;
23 │ │       }
   │ └─── nested rule
   ╵
    node_modules/bootstrap/scss/_custom-forms.scss 415:5  @import
    node_modules/bootstrap/scss/bootstrap.scss 24:9       @import
    assets/custom.scss 40:9                               root stylesheet

DEPRECATION WARNING: Sass's behavior for declarations that appear after nested
rules will be changing to match the behavior specified by CSS in an upcoming
version. To keep the existing behavior, move the declaration above the nested
rule. To opt into the new behavior, wrap the declaration in `& {}`.

More info: https://sass-lang.com/d/mixed-decls

   ┌──> node_modules/bootstrap/scss/_custom-forms.scss
441│       appearance: none;
   │       ^^^^^^^^^^^^^^^^ declaration
   ╵
   ┌──> node_modules/bootstrap/scss/mixins/_transition.scss
21 │ ┌       @media (prefers-reduced-motion: reduce) {
22 │ │         transition: none;
23 │ │       }
   │ └─── nested rule
   ╵
    node_modules/bootstrap/scss/_custom-forms.scss 441:5  @import
    node_modules/bootstrap/scss/bootstrap.scss 24:9       @import
    assets/custom.scss 40:9                               root stylesheet

DEPRECATION WARNING: Sass's behavior for declarations that appear after nested
rules will be changing to match the behavior specified by CSS in an upcoming
version. To keep the existing behavior, move the declaration above the nested
rule. To opt into the new behavior, wrap the declaration in `& {}`.

More info: https://sass-lang.com/d/mixed-decls

   ┌──> node_modules/bootstrap/scss/_custom-forms.scss
470│       appearance: none;
   │       ^^^^^^^^^^^^^^^^ declaration
   ╵
   ┌──> node_modules/bootstrap/scss/mixins/_transition.scss
21 │ ┌       @media (prefers-reduced-motion: reduce) {
22 │ │         transition: none;
23 │ │       }
   │ └─── nested rule
   ╵
    node_modules/bootstrap/scss/_custom-forms.scss 470:5  @import
    node_modules/bootstrap/scss/bootstrap.scss 24:9       @import
    assets/custom.scss 40:9                               root stylesheet

DEPRECATION WARNING: Sass's behavior for declarations that appear after nested
rules will be changing to match the behavior specified by CSS in an upcoming
version. To keep the existing behavior, move the declaration above the nested
rule. To opt into the new behavior, wrap the declaration in `& {}`.

More info: https://sass-lang.com/d/mixed-decls

   ┌──> node_modules/bootstrap/scss/_modal.scss
46 │       transform: $modal-fade-transform;
   │       ^^^^^^^^^^^^^^^^^^^^^^^^^^^^^^^^ declaration
   ╵
   ┌──> node_modules/bootstrap/scss/mixins/_transition.scss
21 │ ┌       @media (prefers-reduced-motion: reduce) {
22 │ │         transition: none;
23 │ │       }
   │ └─── nested rule
   ╵
    node_modules/bootstrap/scss/_modal.scss 46:5     @import
    node_modules/bootstrap/scss/bootstrap.scss 38:9  @import
    assets/custom.scss 40:9                          root stylesheet

WARNING: 89 repetitive deprecation warnings omitted.

[webpackbar] ✔ Server: Compiled successfully in 17.16s
[webpackbar] ✔ Client: Compiled successfully in 17.17s
ℹ Waiting for file changes
ℹ Memory usage: 707 MB (RSS: 940 MB)
ℹ Listening on: http://172.16.143.6:4000/
Search Explore:  
Search Page:  undefined
SearchTerm: 
Filters: undefined
PageTerm: undefined
SearchTerm: 
Filters: 
PageTerm: 1
Facets: []
Facets: { facet: [] }
SearchTerm: undefined
Filters: 
PageTerm: 1
Facets: []
Facets: { facet: [] }
[ 1, 2, 3, 4, 5, 6, 7, 8 ]
SearData:  { site:
   { name: 'Cartillas Indigenas',
     collection: 'Cartíllas indígenas ILV',
     base_url: 'https://repositorio.colmex.mx/',
     contacto_webhook:
      'https://redescolmex.webhook.office.com/webhookb2/f5f44f0f-371e-4c95-b39d-4da3e230bb4e@93db1ea2-0b31-43e8-aece-2228fabb7af1/IncomingWebhook/8bbfaaeaaee34e458e2e0510acf92eef/811356f3-d509-4767-9780-a7bf281c13b6/V2Reivy6bmOBZ1Fd26f4G3MUZqcdi6ieE3EYHYfS4IXW41',
     fecha_creacion: '2024-10-15T06:11:54.472366',
     user_id: 1,
     id: 1,
     repository_url:
      'https://repositorio.colmex.mx/catalog.json?f%5Bthematic_collection_sim%5D%5B%5D=Cart%C3%ADllas+ind%C3%ADgenas+ILV',
     link_url: null,
     monitor_webhook:
      'https://redescolmex.webhook.office.com/webhookb2/f5f44f0f-371e-4c95-b39d-4da3e230bb4e@93db1ea2-0b31-43e8-aece-2228fabb7af1/IncomingWebhook/8bbfaaeaaee34e458e2e0510acf92eef/811356f3-d509-4767-9780-a7bf281c13b6/V2Reivy6bmOBZ1Fd26f4G3MUZqcdi6ieE3EYHYfS4IXW41',
     fecha_modificacion: '2024-10-15T06:11:54.472366' },
  data: { response: { docs: [Array], facets: [Array], pages: [Object] } } }
SearData:  { site:
   { name: 'Cartillas Indigenas',
     collection: 'Cartíllas indígenas ILV',
     base_url: 'https://repositorio.colmex.mx/',
     contacto_webhook:
      'https://redescolmex.webhook.office.com/webhookb2/f5f44f0f-371e-4c95-b39d-4da3e230bb4e@93db1ea2-0b31-43e8-aece-2228fabb7af1/IncomingWebhook/8bbfaaeaaee34e458e2e0510acf92eef/811356f3-d509-4767-9780-a7bf281c13b6/V2Reivy6bmOBZ1Fd26f4G3MUZqcdi6ieE3EYHYfS4IXW41',
     fecha_creacion: '2024-10-15T06:11:54.472366',
     user_id: 1,
     id: 1,
     repository_url:
      'https://repositorio.colmex.mx/catalog.json?f%5Bthematic_collection_sim%5D%5B%5D=Cart%C3%ADllas+ind%C3%ADgenas+ILV',
     link_url: null,
     monitor_webhook:
      'https://redescolmex.webhook.office.com/webhookb2/f5f44f0f-371e-4c95-b39d-4da3e230bb4e@93db1ea2-0b31-43e8-aece-2228fabb7af1/IncomingWebhook/8bbfaaeaaee34e458e2e0510acf92eef/811356f3-d509-4767-9780-a7bf281c13b6/V2Reivy6bmOBZ1Fd26f4G3MUZqcdi6ieE3EYHYfS4IXW41',
     fecha_modificacion: '2024-10-15T06:11:54.472366' },
  data: { response: { docs: [Array], facets: [Array], pages: [Object] } } }
Terminated
npm notice
npm notice New minor version of npm available! 10.8.2 -> 10.9.0
npm notice Changelog: https://github.com/npm/cli/releases/tag/v10.9.0
npm notice To update run: npm install -g npm@10.9.0
npm notice

> debates@1.0.0 start
> nuxt start


 WARN  [unplugin-vue-i18n]  vue-i18n@8 is not supported, since sinece Vue 2 was EOL on 2023.


 WARN  Module @nuxtjs/i18n is disabled due to incompatibility issues:
 - [nuxt] Nuxt version >=3.0.0-rc.11 is required but currently using 2.18.1

ℹ Listening on: http://172.16.143.6:4000/
Search Explore:  
Search Page:  undefined
SearchTerm: 
Filters: undefined
PageTerm: undefined
Search Explore:  
Search Page:  undefined
SearchTerm: 
Filters: undefined
PageTerm: undefined
SearchTerm: 
Filters: 
PageTerm: 1
Facets: []
Facets: { facet: [] }
SearchTerm: undefined
Filters: 
PageTerm: 1
Facets: []
Facets: { facet: [] }
[ 1, 2, 3, 4, 5, 6, 7, 8 ]
SearData:  { site:
   { name: 'Cartillas Indigenas',
     collection: 'Cartíllas indígenas ILV',
     base_url: 'https://repositorio.colmex.mx/',
     contacto_webhook:
      'https://redescolmex.webhook.office.com/webhookb2/f5f44f0f-371e-4c95-b39d-4da3e230bb4e@93db1ea2-0b31-43e8-aece-2228fabb7af1/IncomingWebhook/8bbfaaeaaee34e458e2e0510acf92eef/811356f3-d509-4767-9780-a7bf281c13b6/V2Reivy6bmOBZ1Fd26f4G3MUZqcdi6ieE3EYHYfS4IXW41',
     fecha_creacion: '2024-10-15T06:11:54.472366',
     user_id: 1,
     id: 1,
     repository_url:
      'https://repositorio.colmex.mx/catalog.json?f%5Bthematic_collection_sim%5D%5B%5D=Cart%C3%ADllas+ind%C3%ADgenas+ILV',
     link_url: null,
     monitor_webhook:
      'https://redescolmex.webhook.office.com/webhookb2/f5f44f0f-371e-4c95-b39d-4da3e230bb4e@93db1ea2-0b31-43e8-aece-2228fabb7af1/IncomingWebhook/8bbfaaeaaee34e458e2e0510acf92eef/811356f3-d509-4767-9780-a7bf281c13b6/V2Reivy6bmOBZ1Fd26f4G3MUZqcdi6ieE3EYHYfS4IXW41',
     fecha_modificacion: '2024-10-15T06:11:54.472366' },
  data: { response: { docs: [Array], facets: [Array], pages: [Object] } } }
SearData:  { site:
   { name: 'Cartillas Indigenas',
     collection: 'Cartíllas indígenas ILV',
     base_url: 'https://repositorio.colmex.mx/',
     contacto_webhook:
      'https://redescolmex.webhook.office.com/webhookb2/f5f44f0f-371e-4c95-b39d-4da3e230bb4e@93db1ea2-0b31-43e8-aece-2228fabb7af1/IncomingWebhook/8bbfaaeaaee34e458e2e0510acf92eef/811356f3-d509-4767-9780-a7bf281c13b6/V2Reivy6bmOBZ1Fd26f4G3MUZqcdi6ieE3EYHYfS4IXW41',
     fecha_creacion: '2024-10-15T06:11:54.472366',
     user_id: 1,
     id: 1,
     repository_url:
      'https://repositorio.colmex.mx/catalog.json?f%5Bthematic_collection_sim%5D%5B%5D=Cart%C3%ADllas+ind%C3%ADgenas+ILV',
     link_url: null,
     monitor_webhook:
      'https://redescolmex.webhook.office.com/webhookb2/f5f44f0f-371e-4c95-b39d-4da3e230bb4e@93db1ea2-0b31-43e8-aece-2228fabb7af1/IncomingWebhook/8bbfaaeaaee34e458e2e0510acf92eef/811356f3-d509-4767-9780-a7bf281c13b6/V2Reivy6bmOBZ1Fd26f4G3MUZqcdi6ieE3EYHYfS4IXW41',
     fecha_modificacion: '2024-10-15T06:11:54.472366' },
  data: { response: { docs: [Array], facets: [Array], pages: [Object] } } }
Terminated

> debates@1.0.0 start
> nuxt start


 WARN  [unplugin-vue-i18n]  vue-i18n@8 is not supported, since sinece Vue 2 was EOL on 2023.


 WARN  Module @nuxtjs/i18n is disabled due to incompatibility issues:
 - [nuxt] Nuxt version >=3.0.0-rc.11 is required but currently using 2.18.1

ℹ Listening on: http://172.16.143.6:4000/
Terminated

> debates@1.0.0 start
> nuxt start


 WARN  [unplugin-vue-i18n]  vue-i18n@8 is not supported, since sinece Vue 2 was EOL on 2023.


 WARN  Module @nuxtjs/i18n is disabled due to incompatibility issues:
 - [nuxt] Nuxt version >=3.0.0-rc.11 is required but currently using 2.18.1

ℹ Listening on: http://172.16.143.6:4000/

> debates@1.0.0 start
> nuxt start


 WARN  [unplugin-vue-i18n]  vue-i18n@8 is not supported, since sinece Vue 2 was EOL on 2023.


 WARN  Module @nuxtjs/i18n is disabled due to incompatibility issues:
 - [nuxt] Nuxt version >=3.0.0-rc.11 is required but currently using 2.18.1

ℹ Listening on: http://172.16.143.6:4000/
Document Payload: [object Object]
Document Payload: [object Object]
fetchDocumentData:  { site:
   { name: 'Cartillas Indigenas',
     collection: 'Cartíllas indígenas ILV',
     base_url: 'https://repositorio.colmex.mx/',
     contacto_webhook:
      'https://redescolmex.webhook.office.com/webhookb2/f5f44f0f-371e-4c95-b39d-4da3e230bb4e@93db1ea2-0b31-43e8-aece-2228fabb7af1/IncomingWebhook/8bbfaaeaaee34e458e2e0510acf92eef/811356f3-d509-4767-9780-a7bf281c13b6/V2Reivy6bmOBZ1Fd26f4G3MUZqcdi6ieE3EYHYfS4IXW41',
     fecha_creacion: '2024-10-15T06:11:54.472366',
     user_id: 1,
     id: 1,
     repository_url:
      'https://repositorio.colmex.mx/catalog.json?f%5Bthematic_collection_sim%5D%5B%5D=Cart%C3%ADllas+ind%C3%ADgenas+ILV',
     link_url: null,
     monitor_webhook:
      'https://redescolmex.webhook.office.com/webhookb2/f5f44f0f-371e-4c95-b39d-4da3e230bb4e@93db1ea2-0b31-43e8-aece-2228fabb7af1/IncomingWebhook/8bbfaaeaaee34e458e2e0510acf92eef/811356f3-d509-4767-9780-a7bf281c13b6/V2Reivy6bmOBZ1Fd26f4G3MUZqcdi6ieE3EYHYfS4IXW41',
     fecha_modificacion: '2024-10-15T06:11:54.472366' },
  data:
   { title:
      [ 'Frases totonaco-castellano : en el idioma totonaco de Villa Juárez y en español' ],
     iterables:
      { resource_type: [Array],
        handle: 'https://hdl.handle.net/20.500.11986/COLMEX/10016843',
        thematic_collection: [Array],
        date_created: [Array],
        subject: [Array],
        identifier: '990008908980302716',
        geographic_coverage: [Array],
        extension: '37 páginas' } } }
PDF url: https://repositorio.colmex.mx/downloads/db78tf097
Datos recibidos: { resource_type: [ 'Libro' ],
  handle: 'https://hdl.handle.net/20.500.11986/COLMEX/10016843',
  thematic_collection: [ 'Cartíllas indígenas ILV' ],
  date_created: [ '1969' ],
  subject:
   [ 'Educación bilingüe',
     'Palabras y frases',
     'Totonaco (Idioma)',
     'Traducciones al español' ],
  identifier: '990008908980302716',
  geographic_coverage: [ 'Xicotepec de Juárez (Puebla)', 'Puebla (Estado)' ],
  extension: '37 páginas' }
fetchDocumentData:  { site:
   { name: 'Cartillas Indigenas',
     collection: 'Cartíllas indígenas ILV',
     base_url: 'https://repositorio.colmex.mx/',
     contacto_webhook:
      'https://redescolmex.webhook.office.com/webhookb2/f5f44f0f-371e-4c95-b39d-4da3e230bb4e@93db1ea2-0b31-43e8-aece-2228fabb7af1/IncomingWebhook/8bbfaaeaaee34e458e2e0510acf92eef/811356f3-d509-4767-9780-a7bf281c13b6/V2Reivy6bmOBZ1Fd26f4G3MUZqcdi6ieE3EYHYfS4IXW41',
     fecha_creacion: '2024-10-15T06:11:54.472366',
     user_id: 1,
     id: 1,
     repository_url:
      'https://repositorio.colmex.mx/catalog.json?f%5Bthematic_collection_sim%5D%5B%5D=Cart%C3%ADllas+ind%C3%ADgenas+ILV',
     link_url: null,
     monitor_webhook:
      'https://redescolmex.webhook.office.com/webhookb2/f5f44f0f-371e-4c95-b39d-4da3e230bb4e@93db1ea2-0b31-43e8-aece-2228fabb7af1/IncomingWebhook/8bbfaaeaaee34e458e2e0510acf92eef/811356f3-d509-4767-9780-a7bf281c13b6/V2Reivy6bmOBZ1Fd26f4G3MUZqcdi6ieE3EYHYfS4IXW41',
     fecha_modificacion: '2024-10-15T06:11:54.472366' },
  data:
   { title:
      [ 'Frases totonaco-castellano : en el idioma totonaco de Villa Juárez y en español' ],
     iterables:
      { resource_type: [Array],
        handle: 'https://hdl.handle.net/20.500.11986/COLMEX/10016843',
        thematic_collection: [Array],
        date_created: [Array],
        subject: [Array],
        identifier: '990008908980302716',
        geographic_coverage: [Array],
        extension: '37 páginas' } } }
PDF url: https://repositorio.colmex.mx/downloads/db78tf097
Datos recibidos: { resource_type: [ 'Libro' ],
  handle: 'https://hdl.handle.net/20.500.11986/COLMEX/10016843',
  thematic_collection: [ 'Cartíllas indígenas ILV' ],
  date_created: [ '1969' ],
  subject:
   [ 'Educación bilingüe',
     'Palabras y frases',
     'Totonaco (Idioma)',
     'Traducciones al español' ],
  identifier: '990008908980302716',
  geographic_coverage: [ 'Xicotepec de Juárez (Puebla)', 'Puebla (Estado)' ],
  extension: '37 páginas' }
Terminated

> debates@1.0.0 start
> nuxt start


 WARN  [unplugin-vue-i18n]  vue-i18n@8 is not supported, since sinece Vue 2 was EOL on 2023.


 WARN  Module @nuxtjs/i18n is disabled due to incompatibility issues:
 - [nuxt] Nuxt version >=3.0.0-rc.11 is required but currently using 2.18.1


 FATAL  No build files found in /home/ecisneros/debates/.nuxt/dist/server.
Use either nuxt build or builder.build() or start nuxt in development mode.

  Use either nuxt build or builder.build() or start nuxt in development mode.
  at VueRenderer._ready (node_modules/@nuxt/vue-renderer/dist/vue-renderer.js:550:13)
  at async Server.ready (node_modules/@nuxt/server/dist/server.js:451:5)
  at async Nuxt._init (node_modules/@nuxt/core/dist/core.js:349:7)


 FATAL  No build files found in /home/ecisneros/debates/.nuxt/dist/server.
Use either nuxt build or builder.build() or start nuxt in development mode.

  Use either nuxt build or builder.build() or start nuxt in development mode.
  at VueRenderer._ready (node_modules/@nuxt/vue-renderer/dist/vue-renderer.js:550:13)
  at async Server.ready (node_modules/@nuxt/server/dist/server.js:451:5)
  at async Nuxt._init (node_modules/@nuxt/core/dist/core.js:349:7)

npm notice
npm notice New minor version of npm available! 10.8.2 -> 10.9.0
npm notice Changelog: https://github.com/npm/cli/releases/tag/v10.9.0
npm notice To update run: npm install -g npm@10.9.0
npm notice

> debates@1.0.0 start
> nuxt start


 WARN  [unplugin-vue-i18n]  vue-i18n@8 is not supported, since sinece Vue 2 was EOL on 2023.


 WARN  Module @nuxtjs/i18n is disabled due to incompatibility issues:
 - [nuxt] Nuxt version >=3.0.0-rc.11 is required but currently using 2.18.1

ℹ Listening on: http://172.16.143.6:4000/
Terminated

> debates@1.0.0 start
> nuxt start


 WARN  [unplugin-vue-i18n]  vue-i18n@8 is not supported, since sinece Vue 2 was EOL on 2023.


 WARN  Module @nuxtjs/i18n is disabled due to incompatibility issues:
 - [nuxt] Nuxt version >=3.0.0-rc.11 is required but currently using 2.18.1

ℹ Listening on: http://172.16.143.6:4000/
middleware ejecutado
Ejecución en el servidor. No hay acceso a localStorage.
middleware ejecutado
Ejecución en el servidor. No hay acceso a localStorage.
middleware ejecutado
Ejecución en el servidor. No hay acceso a localStorage.
middleware ejecutado
Ejecución en el servidor. No hay acceso a localStorage.
middleware ejecutado
Ejecución en el servidor. No hay acceso a localStorage.
middleware ejecutado
Ejecución en el servidor. No hay acceso a localStorage.
Document Payload: [object Object]
Document Payload: [object Object]
fetchDocumentData:  { site:
   { id: 1,
     repository_url:
      'https://repositorio.colmex.mx/catalog.json?f%5Bthematic_collection_sim%5D%5B%5D=Cart%C3%ADllas+ind%C3%ADgenas+ILV',
     link_url: null,
     monitor_webhook:
      'https://redescolmex.webhook.office.com/webhookb2/f5f44f0f-371e-4c95-b39d-4da3e230bb4e@93db1ea2-0b31-43e8-aece-2228fabb7af1/IncomingWebhook/8bbfaaeaaee34e458e2e0510acf92eef/811356f3-d509-4767-9780-a7bf281c13b6/V2Reivy6bmOBZ1Fd26f4G3MUZqcdi6ieE3EYHYfS4IXW41',
     fecha_creacion: '2024-10-15T06:11:54.472366',
     user_id: 1,
     name: 'Cartillas Indigenas',
     collection: 'Cartíllas indígenas ILV',
     base_url: 'https://repositorio.colmex.mx/',
     contacto_webhook:
      'https://redescolmex.webhook.office.com/webhookb2/f5f44f0f-371e-4c95-b39d-4da3e230bb4e@93db1ea2-0b31-43e8-aece-2228fabb7af1/IncomingWebhook/8bbfaaeaaee34e458e2e0510acf92eef/811356f3-d509-4767-9780-a7bf281c13b6/V2Reivy6bmOBZ1Fd26f4G3MUZqcdi6ieE3EYHYfS4IXW41',
     fecha_modificacion: '2024-10-15T06:11:54.472366' },
  data:
   { title: [ 'Si nche xro an ni nque he na xrjon' ],
     iterables:
      { 'Temas Discutidos': [Array],
        'Nuevo Metadato': [Array],
        resource_type: [Array],
        handle: 'https://hdl.handle.net/20.500.11986/COLMEX/10017275',
        thematic_collection: [Array],
        date_created: [Array],
        subject: [Array],
        identifier: '990008908740302716',
        geographic_coverage: [Array],
        extension: '49 páginas' } } }
PDF url: https://repositorio.colmex.mx/downloads/xw42n9821
Datos recibidos: { 'Temas Discutidos': [ 'Tema Nuevo 3', 'Tema Nuevo 2', 'Tema Nuevo 4' ],
  'Nuevo Metadato': [ 'Valor 1' ],
  resource_type: [ 'Libro' ],
  handle: 'https://hdl.handle.net/20.500.11986/COLMEX/10017275',
  thematic_collection: [ 'Cartíllas indígenas ILV' ],
  date_created: [ '1973' ],
  subject: [ 'Lenguaje y lenguas', 'Educación bilingüe', 'Popoloca (Idioma) ' ],
  identifier: '990008908740302716',
  geographic_coverage: [ 'San Juan Atzingo (Puebla)', 'Puebla (Estado)' ],
  extension: '49 páginas' }
fetchDocumentData:  { site:
   { id: 1,
     repository_url:
      'https://repositorio.colmex.mx/catalog.json?f%5Bthematic_collection_sim%5D%5B%5D=Cart%C3%ADllas+ind%C3%ADgenas+ILV',
     link_url: null,
     monitor_webhook:
      'https://redescolmex.webhook.office.com/webhookb2/f5f44f0f-371e-4c95-b39d-4da3e230bb4e@93db1ea2-0b31-43e8-aece-2228fabb7af1/IncomingWebhook/8bbfaaeaaee34e458e2e0510acf92eef/811356f3-d509-4767-9780-a7bf281c13b6/V2Reivy6bmOBZ1Fd26f4G3MUZqcdi6ieE3EYHYfS4IXW41',
     fecha_creacion: '2024-10-15T06:11:54.472366',
     user_id: 1,
     name: 'Cartillas Indigenas',
     collection: 'Cartíllas indígenas ILV',
     base_url: 'https://repositorio.colmex.mx/',
     contacto_webhook:
      'https://redescolmex.webhook.office.com/webhookb2/f5f44f0f-371e-4c95-b39d-4da3e230bb4e@93db1ea2-0b31-43e8-aece-2228fabb7af1/IncomingWebhook/8bbfaaeaaee34e458e2e0510acf92eef/811356f3-d509-4767-9780-a7bf281c13b6/V2Reivy6bmOBZ1Fd26f4G3MUZqcdi6ieE3EYHYfS4IXW41',
     fecha_modificacion: '2024-10-15T06:11:54.472366' },
  data:
   { title: [ 'Si nche xro an ni nque he na xrjon' ],
     iterables:
      { 'Temas Discutidos': [Array],
        'Nuevo Metadato': [Array],
        resource_type: [Array],
        handle: 'https://hdl.handle.net/20.500.11986/COLMEX/10017275',
        thematic_collection: [Array],
        date_created: [Array],
        subject: [Array],
        identifier: '990008908740302716',
        geographic_coverage: [Array],
        extension: '49 páginas' } } }
PDF url: https://repositorio.colmex.mx/downloads/xw42n9821
Datos recibidos: { 'Temas Discutidos': [ 'Tema Nuevo 3', 'Tema Nuevo 2', 'Tema Nuevo 4' ],
  'Nuevo Metadato': [ 'Valor 1' ],
  resource_type: [ 'Libro' ],
  handle: 'https://hdl.handle.net/20.500.11986/COLMEX/10017275',
  thematic_collection: [ 'Cartíllas indígenas ILV' ],
  date_created: [ '1973' ],
  subject: [ 'Lenguaje y lenguas', 'Educación bilingüe', 'Popoloca (Idioma) ' ],
  identifier: '990008908740302716',
  geographic_coverage: [ 'San Juan Atzingo (Puebla)', 'Puebla (Estado)' ],
  extension: '49 páginas' }
middleware ejecutado
Ejecución en el servidor. No hay acceso a localStorage.
middleware ejecutado
Ejecución en el servidor. No hay acceso a localStorage.
middleware ejecutado
Ejecución en el servidor. No hay acceso a localStorage.

> debates@1.0.0 start
> nuxt start


 WARN  [unplugin-vue-i18n]  vue-i18n@8 is not supported, since sinece Vue 2 was EOL on 2023.


 WARN  Module @nuxtjs/i18n is disabled due to incompatibility issues:
 - [nuxt] Nuxt version >=3.0.0-rc.11 is required but currently using 2.18.1

ℹ Listening on: http://172.16.143.6:4000/
middleware ejecutado
Ejecución en el servidor. No hay acceso a localStorage.
middleware ejecutado
Ejecución en el servidor. No hay acceso a localStorage.
middleware ejecutado
Ejecución en el servidor. No hay acceso a localStorage.
middleware ejecutado
Ejecución en el servidor. No hay acceso a localStorage.
Search Explore:  
Search Page:  undefined
SearchTerm: 
Filters: undefined
PageTerm: undefined
Search Explore:  
Search Page:  undefined
SearchTerm: 
Filters: undefined
PageTerm: undefined

 ERROR  Error al enviar el mensaje al webhook de Microsoft Teams: Request failed with status code 404

  at createError (node_modules/axios/lib/core/createError.js:16:15)
  at settle (node_modules/axios/lib/core/settle.js:17:12)
  at IncomingMessage.handleStreamEnd (node_modules/axios/lib/adapters/http.js:269:11)
  at IncomingMessage.emit (node:events:531:35)
  at endReadableNT (node:internal/streams/readable:1696:12)
  at process.processTicksAndRejections (node:internal/process/task_queues:82:21)


 ERROR  Error fetching data: Request failed with status code 500

  at createError (node_modules/axios/lib/core/createError.js:16:15)
  at settle (node_modules/axios/lib/core/settle.js:17:12)
  at IncomingMessage.handleStreamEnd (node_modules/axios/lib/adapters/http.js:269:11)
  at IncomingMessage.emit (node:events:531:35)
  at endReadableNT (node:internal/streams/readable:1696:12)
  at process.processTicksAndRejections (node:internal/process/task_queues:82:21)

SearchTerm: 
Filters: 
PageTerm: 1
Facets: []
Facets: { facet: [] }
SearchTerm: undefined
Filters: 
PageTerm: 1
Facets: []
Facets: { facet: [] }
[ 1, 2, 3, 4, 5, 6, 7, 8 ]
SearData:  { site:
   { id: 1,
     repository_url:
      'https://repositorio.colmex.mx/catalog.json?f%5Bthematic_collection_sim%5D%5B%5D=Cart%C3%ADllas+ind%C3%ADgenas+ILV',
     link_url: null,
     monitor_webhook:
      'https://redescolmex.webhook.office.com/webhookb2/f5f44f0f-371e-4c95-b39d-4da3e230bb4e@93db1ea2-0b31-43e8-aece-2228fabb7af1/IncomingWebhook/8bbfaaeaaee34e458e2e0510acf92eef/811356f3-d509-4767-9780-a7bf281c13b6/V2Reivy6bmOBZ1Fd26f4G3MUZqcdi6ieE3EYHYfS4IXW41',
     fecha_creacion: '2024-10-15T06:11:54.472366',
     user_id: 1,
     name: 'Cartillas Indigenas',
     collection: 'Cartíllas indígenas ILV',
     base_url: 'https://repositorio.colmex.mx/',
     contacto_webhook:
      'https://redescolmex.webhook.office.com/webhookb2/f5f44f0f-371e-4c95-b39d-4da3e230bb4e@93db1ea2-0b31-43e8-aece-2228fabb7af1/IncomingWebhook/8bbfaaeaaee34e458e2e0510acf92eef/811356f3-d509-4767-9780-a7bf281c13b6/V2Reivy6bmOBZ1Fd26f4G3MUZqcdi6ieE3EYHYfS4IXW41',
     fecha_modificacion: '2024-10-15T06:11:54.472366' },
  data: { response: { docs: [Array], facets: [Array], pages: [Object] } } }

 ERROR  Error al enviar el mensaje al webhook de Microsoft Teams: Request failed with status code 404

  at createError (node_modules/axios/lib/core/createError.js:16:15)
  at settle (node_modules/axios/lib/core/settle.js:17:12)
  at IncomingMessage.handleStreamEnd (node_modules/axios/lib/adapters/http.js:269:11)
  at IncomingMessage.emit (node:events:531:35)
  at endReadableNT (node:internal/streams/readable:1696:12)
  at process.processTicksAndRejections (node:internal/process/task_queues:82:21)

Status: 400
Datos del error: { detail: 'Error fetching data from repository: Expecting value: line 2 column 3 (char 5)' }
Headers: { date: 'Wed, 27 Nov 2024 23:06:03 GMT',
  server: 'uvicorn',
  'content-length': '91',
  'content-type': 'application/json' }
middleware ejecutado
Ejecución en el servidor. No hay acceso a localStorage.
Search Explore:  
Search Page:  undefined
SearchTerm: 
Filters: undefined
PageTerm: undefined
Search Explore:  
Search Page:  undefined
SearchTerm: 
Filters: undefined
PageTerm: undefined

 ERROR  Error al enviar el mensaje al webhook de Microsoft Teams: Request failed with status code 404

  at createError (node_modules/axios/lib/core/createError.js:16:15)
  at settle (node_modules/axios/lib/core/settle.js:17:12)
  at IncomingMessage.handleStreamEnd (node_modules/axios/lib/adapters/http.js:269:11)
  at IncomingMessage.emit (node:events:531:35)
  at endReadableNT (node:internal/streams/readable:1696:12)
  at process.processTicksAndRejections (node:internal/process/task_queues:82:21)


 ERROR  Error fetching data: Request failed with status code 500

  at createError (node_modules/axios/lib/core/createError.js:16:15)
  at settle (node_modules/axios/lib/core/settle.js:17:12)
  at IncomingMessage.handleStreamEnd (node_modules/axios/lib/adapters/http.js:269:11)
  at IncomingMessage.emit (node:events:531:35)
  at endReadableNT (node:internal/streams/readable:1696:12)
  at process.processTicksAndRejections (node:internal/process/task_queues:82:21)

SearchTerm: 
Filters: 
PageTerm: 1
Facets: []
Facets: { facet: [] }
SearchTerm: undefined
Filters: 
PageTerm: 1
Facets: []
Facets: { facet: [] }
[ 1, 2, 3, 4, 5, 6, 7, 8 ]
SearData:  { site:
   { id: 1,
     repository_url:
      'https://repositorio.colmex.mx/catalog.json?f%5Bthematic_collection_sim%5D%5B%5D=Cart%C3%ADllas+ind%C3%ADgenas+ILV',
     link_url: null,
     monitor_webhook:
      'https://redescolmex.webhook.office.com/webhookb2/f5f44f0f-371e-4c95-b39d-4da3e230bb4e@93db1ea2-0b31-43e8-aece-2228fabb7af1/IncomingWebhook/8bbfaaeaaee34e458e2e0510acf92eef/811356f3-d509-4767-9780-a7bf281c13b6/V2Reivy6bmOBZ1Fd26f4G3MUZqcdi6ieE3EYHYfS4IXW41',
     fecha_creacion: '2024-10-15T06:11:54.472366',
     user_id: 1,
     name: 'Cartillas Indigenas',
     collection: 'Cartíllas indígenas ILV',
     base_url: 'https://repositorio.colmex.mx/',
     contacto_webhook:
      'https://redescolmex.webhook.office.com/webhookb2/f5f44f0f-371e-4c95-b39d-4da3e230bb4e@93db1ea2-0b31-43e8-aece-2228fabb7af1/IncomingWebhook/8bbfaaeaaee34e458e2e0510acf92eef/811356f3-d509-4767-9780-a7bf281c13b6/V2Reivy6bmOBZ1Fd26f4G3MUZqcdi6ieE3EYHYfS4IXW41',
     fecha_modificacion: '2024-10-15T06:11:54.472366' },
  data: { response: { docs: [Array], facets: [Array], pages: [Object] } } }

 ERROR  Error al enviar el mensaje al webhook de Microsoft Teams: Request failed with status code 404

  at createError (node_modules/axios/lib/core/createError.js:16:15)
  at settle (node_modules/axios/lib/core/settle.js:17:12)
  at IncomingMessage.handleStreamEnd (node_modules/axios/lib/adapters/http.js:269:11)
  at IncomingMessage.emit (node:events:531:35)
  at endReadableNT (node:internal/streams/readable:1696:12)
  at process.processTicksAndRejections (node:internal/process/task_queues:82:21)

Status: 400
Datos del error: { detail: 'Error fetching data from repository: Expecting value: line 2 column 3 (char 5)' }
Headers: { date: 'Wed, 27 Nov 2024 23:07:27 GMT',
  server: 'uvicorn',
  'content-length': '91',
  'content-type': 'application/json' }
middleware ejecutado
Ejecución en el servidor. No hay acceso a localStorage.
middleware ejecutado
Ejecución en el servidor. No hay acceso a localStorage.
middleware ejecutado
Ejecución en el servidor. No hay acceso a localStorage.
Search Explore:  
Search Page:  undefined
SearchTerm: 
Filters: undefined
PageTerm: undefined
Search Explore:  
Search Page:  undefined
SearchTerm: 
Filters: undefined
PageTerm: undefined
SearchTerm: 
Filters: 
PageTerm: 1
Facets: []
Facets: { facet: [] }
SearchTerm: undefined
Filters: 
PageTerm: 1
Facets: []
Facets: { facet: [] }
[ 1 ]
SearData:  { site:
   { id: 1,
     repository_url:
      'https://biblio-rep.colmex.mx/catalog.json?f%5Bthematic_collection_sim%5D%5B%5D=Debates+electorales',
     link_url: null,
     monitor_webhook:
      'https://redescolmex.webhook.office.com/webhookb2/f5f44f0f-371e-4c95-b39d-4da3e230bb4e@93db1ea2-0b31-43e8-aece-2228fabb7af1/IncomingWebhook/8bbfaaeaaee34e458e2e0510acf92eef/811356f3-d509-4767-9780-a7bf281c13b6/V2Reivy6bmOBZ1Fd26f4G3MUZqcdi6ieE3EYHYfS4IXW41',
     fecha_creacion: '2024-10-15T06:11:54.472366',
     user_id: 1,
     name: 'Debates Electorales',
     collection: 'Debates Electorales',
     base_url: 'https://biblio-rep.colmex.mx/',
     contacto_webhook:
      'https://redescolmex.webhook.office.com/webhookb2/f5f44f0f-371e-4c95-b39d-4da3e230bb4e@93db1ea2-0b31-43e8-aece-2228fabb7af1/IncomingWebhook/8bbfaaeaaee34e458e2e0510acf92eef/811356f3-d509-4767-9780-a7bf281c13b6/V2Reivy6bmOBZ1Fd26f4G3MUZqcdi6ieE3EYHYfS4IXW41',
     fecha_modificacion: '2024-10-15T06:11:54.472366' },
  data: { response: { docs: [Array], facets: [Array], pages: [Object] } } }
SearData:  { site:
   { id: 1,
     repository_url:
      'https://biblio-rep.colmex.mx/catalog.json?f%5Bthematic_collection_sim%5D%5B%5D=Debates+electorales',
     link_url: null,
     monitor_webhook:
      'https://redescolmex.webhook.office.com/webhookb2/f5f44f0f-371e-4c95-b39d-4da3e230bb4e@93db1ea2-0b31-43e8-aece-2228fabb7af1/IncomingWebhook/8bbfaaeaaee34e458e2e0510acf92eef/811356f3-d509-4767-9780-a7bf281c13b6/V2Reivy6bmOBZ1Fd26f4G3MUZqcdi6ieE3EYHYfS4IXW41',
     fecha_creacion: '2024-10-15T06:11:54.472366',
     user_id: 1,
     name: 'Debates Electorales',
     collection: 'Debates Electorales',
     base_url: 'https://biblio-rep.colmex.mx/',
     contacto_webhook:
      'https://redescolmex.webhook.office.com/webhookb2/f5f44f0f-371e-4c95-b39d-4da3e230bb4e@93db1ea2-0b31-43e8-aece-2228fabb7af1/IncomingWebhook/8bbfaaeaaee34e458e2e0510acf92eef/811356f3-d509-4767-9780-a7bf281c13b6/V2Reivy6bmOBZ1Fd26f4G3MUZqcdi6ieE3EYHYfS4IXW41',
     fecha_modificacion: '2024-10-15T06:11:54.472366' },
  data: { response: { docs: [Array], facets: [Array], pages: [Object] } } }
middleware ejecutado
Ejecución en el servidor. No hay acceso a localStorage.
Document Payload: [object Object]
Document Payload: [object Object]

 ERROR  Error al enviar el mensaje al webhook de Microsoft Teams: Request failed with status code 404

  at createError (node_modules/axios/lib/core/createError.js:16:15)
  at settle (node_modules/axios/lib/core/settle.js:17:12)
  at IncomingMessage.handleStreamEnd (node_modules/axios/lib/adapters/http.js:269:11)
  at IncomingMessage.emit (node:events:531:35)
  at endReadableNT (node:internal/streams/readable:1696:12)
  at process.processTicksAndRejections (node:internal/process/task_queues:82:21)


 ERROR  Error fetching document data: Request failed with status code 404

  at createError (node_modules/axios/lib/core/createError.js:16:15)
  at settle (node_modules/axios/lib/core/settle.js:17:12)
  at IncomingMessage.handleStreamEnd (node_modules/axios/lib/adapters/http.js:269:11)
  at IncomingMessage.emit (node:events:531:35)
  at endReadableNT (node:internal/streams/readable:1696:12)
  at process.processTicksAndRejections (node:internal/process/task_queues:82:21)


 ERROR  Error al obtener los datos del documento: Request failed with status code 404

  at createError (node_modules/axios/lib/core/createError.js:16:15)
  at settle (node_modules/axios/lib/core/settle.js:17:12)
  at IncomingMessage.handleStreamEnd (node_modules/axios/lib/adapters/http.js:269:11)
  at IncomingMessage.emit (node:events:531:35)
  at endReadableNT (node:internal/streams/readable:1696:12)
  at process.processTicksAndRejections (node:internal/process/task_queues:82:21)


 ERROR  Error al enviar el mensaje al webhook de Microsoft Teams: Request failed with status code 404

  at createError (node_modules/axios/lib/core/createError.js:16:15)
  at settle (node_modules/axios/lib/core/settle.js:17:12)
  at IncomingMessage.handleStreamEnd (node_modules/axios/lib/adapters/http.js:269:11)
  at IncomingMessage.emit (node:events:531:35)
  at endReadableNT (node:internal/streams/readable:1696:12)
  at process.processTicksAndRejections (node:internal/process/task_queues:82:21)


 ERROR  Error fetching document data: Request failed with status code 404

  at createError (node_modules/axios/lib/core/createError.js:16:15)
  at settle (node_modules/axios/lib/core/settle.js:17:12)
  at IncomingMessage.handleStreamEnd (node_modules/axios/lib/adapters/http.js:269:11)
  at IncomingMessage.emit (node:events:531:35)
  at endReadableNT (node:internal/streams/readable:1696:12)
  at process.processTicksAndRejections (node:internal/process/task_queues:82:21)


 ERROR  Error al obtener los datos del documento: Request failed with status code 404

  at createError (node_modules/axios/lib/core/createError.js:16:15)
  at settle (node_modules/axios/lib/core/settle.js:17:12)
  at IncomingMessage.handleStreamEnd (node_modules/axios/lib/adapters/http.js:269:11)
  at IncomingMessage.emit (node:events:531:35)
  at endReadableNT (node:internal/streams/readable:1696:12)
  at process.processTicksAndRejections (node:internal/process/task_queues:82:21)

